
An unexpected exception has been detected in native code outside the VM.
Unexpected Signal : EXCEPTION_ACCESS_VIOLATION (0xc0000005) occurred at PC=0x771E312E
Function=CoGetComCatalog+0xD88
Library=D:\WINDOWS\system32\ole32.dll

Current Java thread:
	at sun.awt.windows.WComponentPeer.addNativeDropTarget(Native Method)
	at sun.awt.windows.WComponentPeer.addDropTarget(Unknown Source)
	- locked <0x1007b528> (a sun.awt.windows.WFramePeer)
	at java.awt.dnd.DropTarget.addNotify(Unknown Source)
	at java.awt.Component.addNotify(Unknown Source)
	- locked <0x105071e0> (a java.awt.Component$AWTTreeLock)
	at java.awt.Container.addNotify(Unknown Source)
	- locked <0x105071e0> (a java.awt.Component$AWTTreeLock)
	at javax.swing.JComponent.addNotify(Unknown Source)
	at java.awt.Container.addNotify(Unknown Source)
	- locked <0x105071e0> (a java.awt.Component$AWTTreeLock)
	at javax.swing.JComponent.addNotify(Unknown Source)
	at java.awt.Container.addNotify(Unknown Source)
	- locked <0x105071e0> (a java.awt.Component$AWTTreeLock)
	at javax.swing.JComponent.addNotify(Unknown Source)
	at java.awt.Container.addNotify(Unknown Source)
	- locked <0x105071e0> (a java.awt.Component$AWTTreeLock)
	at javax.swing.JComponent.addNotify(Unknown Source)
	at javax.swing.JRootPane.addNotify(Unknown Source)
	at java.awt.Container.addNotify(Unknown Source)
	- locked <0x105071e0> (a java.awt.Component$AWTTreeLock)
	at javax.swing.JComponent.addNotify(Unknown Source)
	at java.awt.Container.addNotify(Unknown Source)
	- locked <0x105071e0> (a java.awt.Component$AWTTreeLock)
	at javax.swing.JComponent.addNotify(Unknown Source)
	at java.awt.Container.addNotify(Unknown Source)
	- locked <0x105071e0> (a java.awt.Component$AWTTreeLock)
	at javax.swing.JComponent.addNotify(Unknown Source)
	at java.awt.Container.addNotify(Unknown Source)
	- locked <0x105071e0> (a java.awt.Component$AWTTreeLock)
	at javax.swing.JComponent.addNotify(Unknown Source)
	at java.awt.Container.addNotify(Unknown Source)
	- locked <0x105071e0> (a java.awt.Component$AWTTreeLock)
	at javax.swing.JComponent.addNotify(Unknown Source)
	at javax.swing.JRootPane.addNotify(Unknown Source)
	at java.awt.Container.addNotify(Unknown Source)
	- locked <0x105071e0> (a java.awt.Component$AWTTreeLock)
	at java.awt.Window.addNotify(Unknown Source)
	- locked <0x105071e0> (a java.awt.Component$AWTTreeLock)
	at java.awt.Frame.addNotify(Unknown Source)
	- locked <0x105071e0> (a java.awt.Component$AWTTreeLock)
	at java.awt.Window.show(Unknown Source)
	at server.main(server.java:49)

Dynamic libraries:
0x00400000 - 0x00406000 	D:\WINDOWS\system32\java.exe
0x77F50000 - 0x77FF9000 	D:\WINDOWS\System32\ntdll.dll
0x77E60000 - 0x77F45000 	D:\WINDOWS\system32\kernel32.dll
0x77DD0000 - 0x77E5B000 	D:\WINDOWS\system32\ADVAPI32.dll
0x77CC0000 - 0x77D35000 	D:\WINDOWS\system32\RPCRT4.dll
0x77C10000 - 0x77C63000 	D:\WINDOWS\system32\MSVCRT.dll
0x08000000 - 0x08138000 	D:\Program Files\Java\j2re1.4.2_04\bin\client\jvm.dll
0x77D40000 - 0x77DCD000 	D:\WINDOWS\system32\USER32.dll
0x77C70000 - 0x77CB0000 	D:\WINDOWS\system32\GDI32.dll
0x76B40000 - 0x76B6C000 	D:\WINDOWS\system32\WINMM.dll
0x5CD70000 - 0x5CD77000 	D:\WINDOWS\system32\serwvdrv.dll
0x5B0A0000 - 0x5B0A7000 	D:\WINDOWS\system32\umdmxfrm.dll
0x10000000 - 0x10007000 	D:\Program Files\Java\j2re1.4.2_04\bin\hpi.dll
0x00830000 - 0x0083E000 	D:\Program Files\Java\j2re1.4.2_04\bin\verify.dll
0x00840000 - 0x00859000 	D:\Program Files\Java\j2re1.4.2_04\bin\java.dll
0x00860000 - 0x0086D000 	D:\Program Files\Java\j2re1.4.2_04\bin\zip.dll
0x02CD0000 - 0x02CDF000 	D:\Program Files\Java\j2re1.4.2_04\bin\net.dll
0x71AB0000 - 0x71AC5000 	D:\WINDOWS\system32\WS2_32.dll
0x71AA0000 - 0x71AA8000 	D:\WINDOWS\system32\WS2HELP.dll
0x71A50000 - 0x71A8B000 	D:\WINDOWS\system32\mswsock.dll
0x71A90000 - 0x71A98000 	D:\WINDOWS\System32\wshtcpip.dll
0x02CE0000 - 0x02DEF000 	D:\Program Files\Java\j2re1.4.2_04\bin\awt.dll
0x73000000 - 0x73023000 	D:\WINDOWS\system32\WINSPOOL.DRV
0x76390000 - 0x763AA000 	D:\WINDOWS\system32\IMM32.dll
0x771B0000 - 0x772CA000 	D:\WINDOWS\system32\ole32.dll
0x02E00000 - 0x02E50000 	D:\Program Files\Java\j2re1.4.2_04\bin\fontmanager.dll
0x73760000 - 0x737A5000 	D:\WINDOWS\system32\ddraw.dll
0x73BC0000 - 0x73BC6000 	D:\WINDOWS\system32\DCIMAN32.dll
0x73940000 - 0x73A07000 	D:\WINDOWS\system32\D3DIM700.DLL
0x03130000 - 0x0313C000 	D:\Program Files\Java\j2re1.4.2_04\bin\JdbcOdbc.dll
0x03140000 - 0x03171000 	D:\WINDOWS\system32\ODBC32.dll
0x77340000 - 0x773CB000 	D:\WINDOWS\system32\COMCTL32.dll
0x763B0000 - 0x763F5000 	D:\WINDOWS\system32\comdlg32.dll
0x772D0000 - 0x77333000 	D:\WINDOWS\system32\SHLWAPI.dll
0x773D0000 - 0x77BC4000 	D:\WINDOWS\system32\SHELL32.dll
0x71950000 - 0x71A34000 	D:\WINDOWS\WinSxS\x86_Microsoft.Windows.Common-Controls_6595b64144ccf1df_6.0.0.0_x-ww_1382d70a\comctl32.dll
0x032A0000 - 0x032B6000 	D:\WINDOWS\system32\odbcint.dll
0x77120000 - 0x771AB000 	D:\WINDOWS\system32\OLEAUT32.dll
0x76F20000 - 0x76F45000 	D:\WINDOWS\system32\DNSAPI.dll
0x76F90000 - 0x76FA0000 	D:\WINDOWS\system32\Secur32.dll
0x76D60000 - 0x76D75000 	D:\WINDOWS\system32\iphlpapi.dll
0x76DE0000 - 0x76E06000 	D:\WINDOWS\system32\netman.dll
0x76D40000 - 0x76D56000 	D:\WINDOWS\system32\MPRAPI.dll
0x76E40000 - 0x76E6F000 	D:\WINDOWS\system32\ACTIVEDS.dll
0x76E10000 - 0x76E34000 	D:\WINDOWS\system32\adsldpc.dll
0x71C20000 - 0x71C6F000 	D:\WINDOWS\system32\NETAPI32.dll
0x76F60000 - 0x76F8C000 	D:\WINDOWS\system32\WLDAP32.dll
0x76B20000 - 0x76B35000 	D:\WINDOWS\system32\ATL.DLL
0x76E80000 - 0x76E8D000 	D:\WINDOWS\system32\rtutils.dll
0x71BF0000 - 0x71C01000 	D:\WINDOWS\system32\SAMLIB.dll
0x76670000 - 0x76754000 	D:\WINDOWS\system32\SETUPAPI.dll
0x76EE0000 - 0x76F17000 	D:\WINDOWS\system32\RASAPI32.dll
0x76E90000 - 0x76EA1000 	D:\WINDOWS\system32\rasman.dll
0x76EB0000 - 0x76EDA000 	D:\WINDOWS\system32\TAPI32.dll
0x76DA0000 - 0x76DD0000 	D:\WINDOWS\system32\WZCSvc.DLL
0x76D30000 - 0x76D34000 	D:\WINDOWS\system32\WMI.dll
0x76D80000 - 0x76D9A000 	D:\WINDOWS\system32\DHCPCSVC.DLL
0x762C0000 - 0x7634A000 	D:\WINDOWS\system32\CRYPT32.dll
0x762A0000 - 0x762AF000 	D:\WINDOWS\system32\MSASN1.dll
0x76F50000 - 0x76F58000 	D:\WINDOWS\system32\WTSAPI32.dll
0x76360000 - 0x7636F000 	D:\WINDOWS\system32\WINSTA.dll
0x76FB0000 - 0x76FB7000 	D:\WINDOWS\System32\winrnr.dll
0x76FC0000 - 0x76FC5000 	D:\WINDOWS\system32\rasadhlp.dll
0x76FD0000 - 0x77048000 	D:\WINDOWS\system32\CLBCATQ.DLL
0x77050000 - 0x77115000 	D:\WINDOWS\system32\COMRes.dll
0x77C00000 - 0x77C07000 	D:\WINDOWS\system32\VERSION.dll
0x043F0000 - 0x0442A000 	D:\WINDOWS\System32\msjtes40.dll
0x0F9A0000 - 0x0F9AB000 	D:\WINDOWS\system32\VBAJET32.DLL
0x0F9C0000 - 0x0FA22000 	D:\WINDOWS\system32\expsrv.dll
0x76C90000 - 0x76CB2000 	D:\WINDOWS\system32\imagehlp.dll
0x6D510000 - 0x6D58C000 	D:\WINDOWS\system32\DBGHELP.dll
0x76BF0000 - 0x76BFB000 	D:\WINDOWS\system32\PSAPI.DLL

Heap at VM Abort:
Heap
 def new generation   total 576K, used 575K [0x10010000, 0x100b0000, 0x104f0000)
  eden space 512K,  99% used [0x10010000, 0x1008ff48, 0x10090000)
  from space 64K, 100% used [0x10090000, 0x100a0000, 0x100a0000)
  to   space 64K,   0% used [0x100a0000, 0x100a0000, 0x100b0000)
 tenured generation   total 1408K, used 295K [0x104f0000, 0x10650000, 0x14010000)
   the space 1408K,  21% used [0x104f0000, 0x10539f58, 0x1053a000, 0x10650000)
 compacting perm gen  total 5120K, used 5074K [0x14010000, 0x14510000, 0x18010000)
   the space 5120K,  99% used [0x14010000, 0x145049a8, 0x14504a00, 0x14510000)

Local Time = Thu Feb 03 01:58:21 2005
Elapsed Time = 6
#
# The exception above was detected in native code outside the VM
#
# Java VM: Java HotSpot(TM) Client VM (1.4.2_04-b05 mixed mode)
#
